C:\Program Files (x86)\Microsoft Visual Studio\2017\Community\Common7\IDE\VC\VCTargets\Microsoft.CppBuild.targets(391,5): warning MSB8028: The intermediate directory (Debug\) contains files shared from another project (Client.vcxproj).  This can lead to incorrect clean and rebuild behavior.
  SocketClient.c
c:\users\maxim\onedrive\hw\מערכות הפעלה\hw4\group_84_ex4\client\socketclient.c(67): warning C4566: character represented by universal-character-name '\u05DE' cannot be represented in the current code page (1252)
c:\users\maxim\onedrive\hw\מערכות הפעלה\hw4\group_84_ex4\client\socketclient.c(67): warning C4566: character represented by universal-character-name '\u05E2' cannot be represented in the current code page (1252)
c:\users\maxim\onedrive\hw\מערכות הפעלה\hw4\group_84_ex4\client\socketclient.c(67): warning C4566: character represented by universal-character-name '\u05E8' cannot be represented in the current code page (1252)
c:\users\maxim\onedrive\hw\מערכות הפעלה\hw4\group_84_ex4\client\socketclient.c(67): warning C4566: character represented by universal-character-name '\u05DB' cannot be represented in the current code page (1252)
c:\users\maxim\onedrive\hw\מערכות הפעלה\hw4\group_84_ex4\client\socketclient.c(67): warning C4566: character represented by universal-character-name '\u05D5' cannot be represented in the current code page (1252)
c:\users\maxim\onedrive\hw\מערכות הפעלה\hw4\group_84_ex4\client\socketclient.c(67): warning C4566: character represented by universal-character-name '\u05EA' cannot be represented in the current code page (1252)
c:\users\maxim\onedrive\hw\מערכות הפעלה\hw4\group_84_ex4\client\socketclient.c(67): warning C4566: character represented by universal-character-name '\u05D4' cannot be represented in the current code page (1252)
c:\users\maxim\onedrive\hw\מערכות הפעלה\hw4\group_84_ex4\client\socketclient.c(67): warning C4566: character represented by universal-character-name '\u05E4' cannot be represented in the current code page (1252)
c:\users\maxim\onedrive\hw\מערכות הפעלה\hw4\group_84_ex4\client\socketclient.c(67): warning C4566: character represented by universal-character-name '\u05DC' cannot be represented in the current code page (1252)
c:\users\maxim\onedrive\hw\מערכות הפעלה\hw4\group_84_ex4\client\socketclient.c(68): warning C4033: 'RecvDataThread' must return a value
c:\users\maxim\onedrive\hw\מערכות הפעלה\hw4\group_84_ex4\client\socketclient.c(81): warning C4566: character represented by universal-character-name '\u05DE' cannot be represented in the current code page (1252)
c:\users\maxim\onedrive\hw\מערכות הפעלה\hw4\group_84_ex4\client\socketclient.c(81): warning C4566: character represented by universal-character-name '\u05E2' cannot be represented in the current code page (1252)
c:\users\maxim\onedrive\hw\מערכות הפעלה\hw4\group_84_ex4\client\socketclient.c(81): warning C4566: character represented by universal-character-name '\u05E8' cannot be represented in the current code page (1252)
c:\users\maxim\onedrive\hw\מערכות הפעלה\hw4\group_84_ex4\client\socketclient.c(81): warning C4566: character represented by universal-character-name '\u05DB' cannot be represented in the current code page (1252)
c:\users\maxim\onedrive\hw\מערכות הפעלה\hw4\group_84_ex4\client\socketclient.c(81): warning C4566: character represented by universal-character-name '\u05D5' cannot be represented in the current code page (1252)
c:\users\maxim\onedrive\hw\מערכות הפעלה\hw4\group_84_ex4\client\socketclient.c(81): warning C4566: character represented by universal-character-name '\u05EA' cannot be represented in the current code page (1252)
c:\users\maxim\onedrive\hw\מערכות הפעלה\hw4\group_84_ex4\client\socketclient.c(81): warning C4566: character represented by universal-character-name '\u05D4' cannot be represented in the current code page (1252)
c:\users\maxim\onedrive\hw\מערכות הפעלה\hw4\group_84_ex4\client\socketclient.c(81): warning C4566: character represented by universal-character-name '\u05E4' cannot be represented in the current code page (1252)
c:\users\maxim\onedrive\hw\מערכות הפעלה\hw4\group_84_ex4\client\socketclient.c(81): warning C4566: character represented by universal-character-name '\u05DC' cannot be represented in the current code page (1252)
c:\users\maxim\onedrive\hw\מערכות הפעלה\hw4\group_84_ex4\client\socketclient.c(82): warning C4033: 'RecvDataThread' must return a value
c:\users\maxim\onedrive\hw\מערכות הפעלה\hw4\group_84_ex4\client\socketclient.c(101): warning C4566: character represented by universal-character-name '\u05DE' cannot be represented in the current code page (1252)
c:\users\maxim\onedrive\hw\מערכות הפעלה\hw4\group_84_ex4\client\socketclient.c(101): warning C4566: character represented by universal-character-name '\u05E2' cannot be represented in the current code page (1252)
c:\users\maxim\onedrive\hw\מערכות הפעלה\hw4\group_84_ex4\client\socketclient.c(101): warning C4566: character represented by universal-character-name '\u05E8' cannot be represented in the current code page (1252)
c:\users\maxim\onedrive\hw\מערכות הפעלה\hw4\group_84_ex4\client\socketclient.c(101): warning C4566: character represented by universal-character-name '\u05DB' cannot be represented in the current code page (1252)
c:\users\maxim\onedrive\hw\מערכות הפעלה\hw4\group_84_ex4\client\socketclient.c(101): warning C4566: character represented by universal-character-name '\u05D5' cannot be represented in the current code page (1252)
c:\users\maxim\onedrive\hw\מערכות הפעלה\hw4\group_84_ex4\client\socketclient.c(101): warning C4566: character represented by universal-character-name '\u05EA' cannot be represented in the current code page (1252)
c:\users\maxim\onedrive\hw\מערכות הפעלה\hw4\group_84_ex4\client\socketclient.c(101): warning C4566: character represented by universal-character-name '\u05D4' cannot be represented in the current code page (1252)
c:\users\maxim\onedrive\hw\מערכות הפעלה\hw4\group_84_ex4\client\socketclient.c(101): warning C4566: character represented by universal-character-name '\u05E4' cannot be represented in the current code page (1252)
c:\users\maxim\onedrive\hw\מערכות הפעלה\hw4\group_84_ex4\client\socketclient.c(101): warning C4566: character represented by universal-character-name '\u05DC' cannot be represented in the current code page (1252)
c:\users\maxim\onedrive\hw\מערכות הפעלה\hw4\group_84_ex4\client\socketclient.c(102): warning C4033: 'RecvDataThread' must return a value
c:\users\maxim\onedrive\hw\מערכות הפעלה\hw4\group_84_ex4\client\socketclient.c(111): warning C4566: character represented by universal-character-name '\u05DE' cannot be represented in the current code page (1252)
c:\users\maxim\onedrive\hw\מערכות הפעלה\hw4\group_84_ex4\client\socketclient.c(111): warning C4566: character represented by universal-character-name '\u05E2' cannot be represented in the current code page (1252)
c:\users\maxim\onedrive\hw\מערכות הפעלה\hw4\group_84_ex4\client\socketclient.c(111): warning C4566: character represented by universal-character-name '\u05E8' cannot be represented in the current code page (1252)
c:\users\maxim\onedrive\hw\מערכות הפעלה\hw4\group_84_ex4\client\socketclient.c(111): warning C4566: character represented by universal-character-name '\u05DB' cannot be represented in the current code page (1252)
c:\users\maxim\onedrive\hw\מערכות הפעלה\hw4\group_84_ex4\client\socketclient.c(111): warning C4566: character represented by universal-character-name '\u05D5' cannot be represented in the current code page (1252)
c:\users\maxim\onedrive\hw\מערכות הפעלה\hw4\group_84_ex4\client\socketclient.c(111): warning C4566: character represented by universal-character-name '\u05EA' cannot be represented in the current code page (1252)
c:\users\maxim\onedrive\hw\מערכות הפעלה\hw4\group_84_ex4\client\socketclient.c(111): warning C4566: character represented by universal-character-name '\u05D4' cannot be represented in the current code page (1252)
c:\users\maxim\onedrive\hw\מערכות הפעלה\hw4\group_84_ex4\client\socketclient.c(111): warning C4566: character represented by universal-character-name '\u05E4' cannot be represented in the current code page (1252)
c:\users\maxim\onedrive\hw\מערכות הפעלה\hw4\group_84_ex4\client\socketclient.c(111): warning C4566: character represented by universal-character-name '\u05DC' cannot be represented in the current code page (1252)
c:\users\maxim\onedrive\hw\מערכות הפעלה\hw4\group_84_ex4\client\socketclient.c(112): warning C4033: 'RecvDataThread' must return a value
c:\users\maxim\onedrive\hw\מערכות הפעלה\hw4\group_84_ex4\client\socketclient.c(117): warning C4566: character represented by universal-character-name '\u05DE' cannot be represented in the current code page (1252)
c:\users\maxim\onedrive\hw\מערכות הפעלה\hw4\group_84_ex4\client\socketclient.c(117): warning C4566: character represented by universal-character-name '\u05E2' cannot be represented in the current code page (1252)
c:\users\maxim\onedrive\hw\מערכות הפעלה\hw4\group_84_ex4\client\socketclient.c(117): warning C4566: character represented by universal-character-name '\u05E8' cannot be represented in the current code page (1252)
c:\users\maxim\onedrive\hw\מערכות הפעלה\hw4\group_84_ex4\client\socketclient.c(117): warning C4566: character represented by universal-character-name '\u05DB' cannot be represented in the current code page (1252)
c:\users\maxim\onedrive\hw\מערכות הפעלה\hw4\group_84_ex4\client\socketclient.c(117): warning C4566: character represented by universal-character-name '\u05D5' cannot be represented in the current code page (1252)
c:\users\maxim\onedrive\hw\מערכות הפעלה\hw4\group_84_ex4\client\socketclient.c(117): warning C4566: character represented by universal-character-name '\u05EA' cannot be represented in the current code page (1252)
c:\users\maxim\onedrive\hw\מערכות הפעלה\hw4\group_84_ex4\client\socketclient.c(117): warning C4566: character represented by universal-character-name '\u05D4' cannot be represented in the current code page (1252)
c:\users\maxim\onedrive\hw\מערכות הפעלה\hw4\group_84_ex4\client\socketclient.c(117): warning C4566: character represented by universal-character-name '\u05E4' cannot be represented in the current code page (1252)
c:\users\maxim\onedrive\hw\מערכות הפעלה\hw4\group_84_ex4\client\socketclient.c(117): warning C4566: character represented by universal-character-name '\u05DC' cannot be represented in the current code page (1252)
c:\users\maxim\onedrive\hw\מערכות הפעלה\hw4\group_84_ex4\client\socketclient.c(118): warning C4033: 'RecvDataThread' must return a value
c:\users\maxim\onedrive\hw\מערכות הפעלה\hw4\group_84_ex4\client\socketclient.c(55): warning C4101: 'RecvRes': unreferenced local variable
c:\users\maxim\onedrive\hw\מערכות הפעלה\hw4\group_84_ex4\client\socketclient.c(57): warning C4101: 'res_success': unreferenced local variable
c:\users\maxim\onedrive\hw\מערכות הפעלה\hw4\group_84_ex4\client\socketclient.c(146): warning C4033: 'Recv' must return a value
c:\users\maxim\onedrive\hw\מערכות הפעלה\hw4\group_84_ex4\client\socketclient.c(177): warning C4566: character represented by universal-character-name '\u05DE' cannot be represented in the current code page (1252)
c:\users\maxim\onedrive\hw\מערכות הפעלה\hw4\group_84_ex4\client\socketclient.c(177): warning C4566: character represented by universal-character-name '\u05E2' cannot be represented in the current code page (1252)
c:\users\maxim\onedrive\hw\מערכות הפעלה\hw4\group_84_ex4\client\socketclient.c(177): warning C4566: character represented by universal-character-name '\u05E8' cannot be represented in the current code page (1252)
c:\users\maxim\onedrive\hw\מערכות הפעלה\hw4\group_84_ex4\client\socketclient.c(177): warning C4566: character represented by universal-character-name '\u05DB' cannot be represented in the current code page (1252)
c:\users\maxim\onedrive\hw\מערכות הפעלה\hw4\group_84_ex4\client\socketclient.c(177): warning C4566: character represented by universal-character-name '\u05D5' cannot be represented in the current code page (1252)
c:\users\maxim\onedrive\hw\מערכות הפעלה\hw4\group_84_ex4\client\socketclient.c(177): warning C4566: character represented by universal-character-name '\u05EA' cannot be represented in the current code page (1252)
c:\users\maxim\onedrive\hw\מערכות הפעלה\hw4\group_84_ex4\client\socketclient.c(177): warning C4566: character represented by universal-character-name '\u05D4' cannot be represented in the current code page (1252)
c:\users\maxim\onedrive\hw\מערכות הפעלה\hw4\group_84_ex4\client\socketclient.c(177): warning C4566: character represented by universal-character-name '\u05E4' cannot be represented in the current code page (1252)
c:\users\maxim\onedrive\hw\מערכות הפעלה\hw4\group_84_ex4\client\socketclient.c(177): warning C4566: character represented by universal-character-name '\u05DC' cannot be represented in the current code page (1252)
c:\users\maxim\onedrive\hw\מערכות הפעלה\hw4\group_84_ex4\client\socketclient.c(178): warning C4033: 'SendDataThread' must return a value
c:\users\maxim\onedrive\hw\מערכות הפעלה\hw4\group_84_ex4\client\socketclient.c(183): warning C4566: character represented by universal-character-name '\u05DE' cannot be represented in the current code page (1252)
c:\users\maxim\onedrive\hw\מערכות הפעלה\hw4\group_84_ex4\client\socketclient.c(183): warning C4566: character represented by universal-character-name '\u05E2' cannot be represented in the current code page (1252)
c:\users\maxim\onedrive\hw\מערכות הפעלה\hw4\group_84_ex4\client\socketclient.c(183): warning C4566: character represented by universal-character-name '\u05E8' cannot be represented in the current code page (1252)
c:\users\maxim\onedrive\hw\מערכות הפעלה\hw4\group_84_ex4\client\socketclient.c(183): warning C4566: character represented by universal-character-name '\u05DB' cannot be represented in the current code page (1252)
c:\users\maxim\onedrive\hw\מערכות הפעלה\hw4\group_84_ex4\client\socketclient.c(183): warning C4566: character represented by universal-character-name '\u05D5' cannot be represented in the current code page (1252)
c:\users\maxim\onedrive\hw\מערכות הפעלה\hw4\group_84_ex4\client\socketclient.c(183): warning C4566: character represented by universal-character-name '\u05EA' cannot be represented in the current code page (1252)
c:\users\maxim\onedrive\hw\מערכות הפעלה\hw4\group_84_ex4\client\socketclient.c(183): warning C4566: character represented by universal-character-name '\u05D4' cannot be represented in the current code page (1252)
c:\users\maxim\onedrive\hw\מערכות הפעלה\hw4\group_84_ex4\client\socketclient.c(183): warning C4566: character represented by universal-character-name '\u05E4' cannot be represented in the current code page (1252)
c:\users\maxim\onedrive\hw\מערכות הפעלה\hw4\group_84_ex4\client\socketclient.c(183): warning C4566: character represented by universal-character-name '\u05DC' cannot be represented in the current code page (1252)
c:\users\maxim\onedrive\hw\מערכות הפעלה\hw4\group_84_ex4\client\socketclient.c(184): warning C4033: 'SendDataThread' must return a value
c:\users\maxim\onedrive\hw\מערכות הפעלה\hw4\group_84_ex4\client\socketclient.c(207): warning C4566: character represented by universal-character-name '\u05DE' cannot be represented in the current code page (1252)
c:\users\maxim\onedrive\hw\מערכות הפעלה\hw4\group_84_ex4\client\socketclient.c(207): warning C4566: character represented by universal-character-name '\u05E2' cannot be represented in the current code page (1252)
c:\users\maxim\onedrive\hw\מערכות הפעלה\hw4\group_84_ex4\client\socketclient.c(207): warning C4566: character represented by universal-character-name '\u05E8' cannot be represented in the current code page (1252)
c:\users\maxim\onedrive\hw\מערכות הפעלה\hw4\group_84_ex4\client\socketclient.c(207): warning C4566: character represented by universal-character-name '\u05DB' cannot be represented in the current code page (1252)
c:\users\maxim\onedrive\hw\מערכות הפעלה\hw4\group_84_ex4\client\socketclient.c(207): warning C4566: character represented by universal-character-name '\u05D5' cannot be represented in the current code page (1252)
c:\users\maxim\onedrive\hw\מערכות הפעלה\hw4\group_84_ex4\client\socketclient.c(207): warning C4566: character represented by universal-character-name '\u05EA' cannot be represented in the current code page (1252)
c:\users\maxim\onedrive\hw\מערכות הפעלה\hw4\group_84_ex4\client\socketclient.c(207): warning C4566: character represented by universal-character-name '\u05D4' cannot be represented in the current code page (1252)
c:\users\maxim\onedrive\hw\מערכות הפעלה\hw4\group_84_ex4\client\socketclient.c(207): warning C4566: character represented by universal-character-name '\u05E4' cannot be represented in the current code page (1252)
c:\users\maxim\onedrive\hw\מערכות הפעלה\hw4\group_84_ex4\client\socketclient.c(207): warning C4566: character represented by universal-character-name '\u05DC' cannot be represented in the current code page (1252)
c:\users\maxim\onedrive\hw\מערכות הפעלה\hw4\group_84_ex4\client\socketclient.c(208): warning C4033: 'SendDataThread' must return a value
c:\users\maxim\onedrive\hw\מערכות הפעלה\hw4\group_84_ex4\client\socketclient.c(224): warning C4566: character represented by universal-character-name '\u05DE' cannot be represented in the current code page (1252)
c:\users\maxim\onedrive\hw\מערכות הפעלה\hw4\group_84_ex4\client\socketclient.c(224): warning C4566: character represented by universal-character-name '\u05E2' cannot be represented in the current code page (1252)
c:\users\maxim\onedrive\hw\מערכות הפעלה\hw4\group_84_ex4\client\socketclient.c(224): warning C4566: character represented by universal-character-name '\u05E8' cannot be represented in the current code page (1252)
c:\users\maxim\onedrive\hw\מערכות הפעלה\hw4\group_84_ex4\client\socketclient.c(224): warning C4566: character represented by universal-character-name '\u05DB' cannot be represented in the current code page (1252)
c:\users\maxim\onedrive\hw\מערכות הפעלה\hw4\group_84_ex4\client\socketclient.c(224): warning C4566: character represented by universal-character-name '\u05D5' cannot be represented in the current code page (1252)
c:\users\maxim\onedrive\hw\מערכות הפעלה\hw4\group_84_ex4\client\socketclient.c(224): warning C4566: character represented by universal-character-name '\u05EA' cannot be represented in the current code page (1252)
c:\users\maxim\onedrive\hw\מערכות הפעלה\hw4\group_84_ex4\client\socketclient.c(224): warning C4566: character represented by universal-character-name '\u05D4' cannot be represented in the current code page (1252)
c:\users\maxim\onedrive\hw\מערכות הפעלה\hw4\group_84_ex4\client\socketclient.c(224): warning C4566: character represented by universal-character-name '\u05E4' cannot be represented in the current code page (1252)
c:\users\maxim\onedrive\hw\מערכות הפעלה\hw4\group_84_ex4\client\socketclient.c(224): warning C4566: character represented by universal-character-name '\u05DC' cannot be represented in the current code page (1252)
c:\users\maxim\onedrive\hw\מערכות הפעלה\hw4\group_84_ex4\client\socketclient.c(230): warning C4566: character represented by universal-character-name '\u05DE' cannot be represented in the current code page (1252)
c:\users\maxim\onedrive\hw\מערכות הפעלה\hw4\group_84_ex4\client\socketclient.c(230): warning C4566: character represented by universal-character-name '\u05E2' cannot be represented in the current code page (1252)
c:\users\maxim\onedrive\hw\מערכות הפעלה\hw4\group_84_ex4\client\socketclient.c(230): warning C4566: character represented by universal-character-name '\u05E8' cannot be represented in the current code page (1252)
c:\users\maxim\onedrive\hw\מערכות הפעלה\hw4\group_84_ex4\client\socketclient.c(230): warning C4566: character represented by universal-character-name '\u05DB' cannot be represented in the current code page (1252)
c:\users\maxim\onedrive\hw\מערכות הפעלה\hw4\group_84_ex4\client\socketclient.c(230): warning C4566: character represented by universal-character-name '\u05D5' cannot be represented in the current code page (1252)
c:\users\maxim\onedrive\hw\מערכות הפעלה\hw4\group_84_ex4\client\socketclient.c(230): warning C4566: character represented by universal-character-name '\u05EA' cannot be represented in the current code page (1252)
c:\users\maxim\onedrive\hw\מערכות הפעלה\hw4\group_84_ex4\client\socketclient.c(230): warning C4566: character represented by universal-character-name '\u05D4' cannot be represented in the current code page (1252)
c:\users\maxim\onedrive\hw\מערכות הפעלה\hw4\group_84_ex4\client\socketclient.c(230): warning C4566: character represented by universal-character-name '\u05E4' cannot be represented in the current code page (1252)
c:\users\maxim\onedrive\hw\מערכות הפעלה\hw4\group_84_ex4\client\socketclient.c(230): warning C4566: character represented by universal-character-name '\u05DC' cannot be represented in the current code page (1252)
c:\users\maxim\onedrive\hw\מערכות הפעלה\hw4\group_84_ex4\client\socketclient.c(236): warning C4566: character represented by universal-character-name '\u05DE' cannot be represented in the current code page (1252)
c:\users\maxim\onedrive\hw\מערכות הפעלה\hw4\group_84_ex4\client\socketclient.c(236): warning C4566: character represented by universal-character-name '\u05E2' cannot be represented in the current code page (1252)
c:\users\maxim\onedrive\hw\מערכות הפעלה\hw4\group_84_ex4\client\socketclient.c(236): warning C4566: character represented by universal-character-name '\u05E8' cannot be represented in the current code page (1252)
c:\users\maxim\onedrive\hw\מערכות הפעלה\hw4\group_84_ex4\client\socketclient.c(236): warning C4566: character represented by universal-character-name '\u05DB' cannot be represented in the current code page (1252)
c:\users\maxim\onedrive\hw\מערכות הפעלה\hw4\group_84_ex4\client\socketclient.c(236): warning C4566: character represented by universal-character-name '\u05D5' cannot be represented in the current code page (1252)
c:\users\maxim\onedrive\hw\מערכות הפעלה\hw4\group_84_ex4\client\socketclient.c(236): warning C4566: character represented by universal-character-name '\u05EA' cannot be represented in the current code page (1252)
c:\users\maxim\onedrive\hw\מערכות הפעלה\hw4\group_84_ex4\client\socketclient.c(236): warning C4566: character represented by universal-character-name '\u05D4' cannot be represented in the current code page (1252)
c:\users\maxim\onedrive\hw\מערכות הפעלה\hw4\group_84_ex4\client\socketclient.c(236): warning C4566: character represented by universal-character-name '\u05E4' cannot be represented in the current code page (1252)
c:\users\maxim\onedrive\hw\מערכות הפעלה\hw4\group_84_ex4\client\socketclient.c(236): warning C4566: character represented by universal-character-name '\u05DC' cannot be represented in the current code page (1252)
c:\users\maxim\onedrive\hw\מערכות הפעלה\hw4\group_84_ex4\client\socketclient.c(309): warning C4566: character represented by universal-character-name '\u05DE' cannot be represented in the current code page (1252)
c:\users\maxim\onedrive\hw\מערכות הפעלה\hw4\group_84_ex4\client\socketclient.c(309): warning C4566: character represented by universal-character-name '\u05E2' cannot be represented in the current code page (1252)
c:\users\maxim\onedrive\hw\מערכות הפעלה\hw4\group_84_ex4\client\socketclient.c(309): warning C4566: character represented by universal-character-name '\u05E8' cannot be represented in the current code page (1252)
c:\users\maxim\onedrive\hw\מערכות הפעלה\hw4\group_84_ex4\client\socketclient.c(309): warning C4566: character represented by universal-character-name '\u05DB' cannot be represented in the current code page (1252)
c:\users\maxim\onedrive\hw\מערכות הפעלה\hw4\group_84_ex4\client\socketclient.c(309): warning C4566: character represented by universal-character-name '\u05D5' cannot be represented in the current code page (1252)
c:\users\maxim\onedrive\hw\מערכות הפעלה\hw4\group_84_ex4\client\socketclient.c(309): warning C4566: character represented by universal-character-name '\u05EA' cannot be represented in the current code page (1252)
c:\users\maxim\onedrive\hw\מערכות הפעלה\hw4\group_84_ex4\client\socketclient.c(309): warning C4566: character represented by universal-character-name '\u05D4' cannot be represented in the current code page (1252)
c:\users\maxim\onedrive\hw\מערכות הפעלה\hw4\group_84_ex4\client\socketclient.c(309): warning C4566: character represented by universal-character-name '\u05E4' cannot be represented in the current code page (1252)
c:\users\maxim\onedrive\hw\מערכות הפעלה\hw4\group_84_ex4\client\socketclient.c(309): warning C4566: character represented by universal-character-name '\u05DC' cannot be represented in the current code page (1252)
c:\users\maxim\onedrive\hw\מערכות הפעלה\hw4\group_84_ex4\client\socketclient.c(319): warning C4566: character represented by universal-character-name '\u05DE' cannot be represented in the current code page (1252)
c:\users\maxim\onedrive\hw\מערכות הפעלה\hw4\group_84_ex4\client\socketclient.c(319): warning C4566: character represented by universal-character-name '\u05E2' cannot be represented in the current code page (1252)
c:\users\maxim\onedrive\hw\מערכות הפעלה\hw4\group_84_ex4\client\socketclient.c(319): warning C4566: character represented by universal-character-name '\u05E8' cannot be represented in the current code page (1252)
c:\users\maxim\onedrive\hw\מערכות הפעלה\hw4\group_84_ex4\client\socketclient.c(319): warning C4566: character represented by universal-character-name '\u05DB' cannot be represented in the current code page (1252)
c:\users\maxim\onedrive\hw\מערכות הפעלה\hw4\group_84_ex4\client\socketclient.c(319): warning C4566: character represented by universal-character-name '\u05D5' cannot be represented in the current code page (1252)
c:\users\maxim\onedrive\hw\מערכות הפעלה\hw4\group_84_ex4\client\socketclient.c(319): warning C4566: character represented by universal-character-name '\u05EA' cannot be represented in the current code page (1252)
c:\users\maxim\onedrive\hw\מערכות הפעלה\hw4\group_84_ex4\client\socketclient.c(319): warning C4566: character represented by universal-character-name '\u05D4' cannot be represented in the current code page (1252)
c:\users\maxim\onedrive\hw\מערכות הפעלה\hw4\group_84_ex4\client\socketclient.c(319): warning C4566: character represented by universal-character-name '\u05E4' cannot be represented in the current code page (1252)
c:\users\maxim\onedrive\hw\מערכות הפעלה\hw4\group_84_ex4\client\socketclient.c(319): warning C4566: character represented by universal-character-name '\u05DC' cannot be represented in the current code page (1252)
c:\users\maxim\onedrive\hw\מערכות הפעלה\hw4\group_84_ex4\client\socketclient.c(378): warning C4566: character represented by universal-character-name '\u05DE' cannot be represented in the current code page (1252)
c:\users\maxim\onedrive\hw\מערכות הפעלה\hw4\group_84_ex4\client\socketclient.c(378): warning C4566: character represented by universal-character-name '\u05E2' cannot be represented in the current code page (1252)
c:\users\maxim\onedrive\hw\מערכות הפעלה\hw4\group_84_ex4\client\socketclient.c(378): warning C4566: character represented by universal-character-name '\u05E8' cannot be represented in the current code page (1252)
c:\users\maxim\onedrive\hw\מערכות הפעלה\hw4\group_84_ex4\client\socketclient.c(378): warning C4566: character represented by universal-character-name '\u05DB' cannot be represented in the current code page (1252)
c:\users\maxim\onedrive\hw\מערכות הפעלה\hw4\group_84_ex4\client\socketclient.c(378): warning C4566: character represented by universal-character-name '\u05D5' cannot be represented in the current code page (1252)
c:\users\maxim\onedrive\hw\מערכות הפעלה\hw4\group_84_ex4\client\socketclient.c(378): warning C4566: character represented by universal-character-name '\u05EA' cannot be represented in the current code page (1252)
c:\users\maxim\onedrive\hw\מערכות הפעלה\hw4\group_84_ex4\client\socketclient.c(378): warning C4566: character represented by universal-character-name '\u05D4' cannot be represented in the current code page (1252)
c:\users\maxim\onedrive\hw\מערכות הפעלה\hw4\group_84_ex4\client\socketclient.c(378): warning C4566: character represented by universal-character-name '\u05E4' cannot be represented in the current code page (1252)
c:\users\maxim\onedrive\hw\מערכות הפעלה\hw4\group_84_ex4\client\socketclient.c(378): warning C4566: character represented by universal-character-name '\u05DC' cannot be represented in the current code page (1252)
c:\users\maxim\onedrive\hw\מערכות הפעלה\hw4\group_84_ex4\client\socketclient.c(379): warning C4033: 'ActionAndBuildResponse' must return a value
c:\users\maxim\onedrive\hw\מערכות הפעלה\hw4\group_84_ex4\client\socketclient.c(572): warning C4715: 'ActionAndBuildResponse': not all control paths return a value
c:\users\maxim\onedrive\hw\מערכות הפעלה\hw4\group_84_ex4\client\socketclient.c(211): warning C4715: 'SendDataThread': not all control paths return a value
c:\users\maxim\onedrive\hw\מערכות הפעלה\hw4\group_84_ex4\client\socketclient.c(126): warning C4715: 'RecvDataThread': not all control paths return a value
c:\users\maxim\onedrive\hw\מערכות הפעלה\hw4\group_84_ex4\client\socketclient.c(147): warning C4715: 'Recv': not all control paths return a value
  Example01_Client.vcxproj -> C:\Users\Maxim\OneDrive\HW\מערכות הפעלה\HW4\group_84_ex4\Debug\group84_ex4_client.exe
