C:\Program Files (x86)\Microsoft Visual Studio\2017\Community\Common7\IDE\VC\VCTargets\Microsoft.CppBuild.targets(391,5): warning MSB8028: The intermediate directory (Debug\) contains files shared from another project (Server.vcxproj).  This can lead to incorrect clean and rebuild behavior.
  SocketServer.c
c:\users\maxim\onedrive\hw\מערכות הפעלה\hw4\group_84_ex4\server\socketserver.c(317): warning C4566: character represented by universal-character-name '\u05DE' cannot be represented in the current code page (1252)
c:\users\maxim\onedrive\hw\מערכות הפעלה\hw4\group_84_ex4\server\socketserver.c(317): warning C4566: character represented by universal-character-name '\u05E2' cannot be represented in the current code page (1252)
c:\users\maxim\onedrive\hw\מערכות הפעלה\hw4\group_84_ex4\server\socketserver.c(317): warning C4566: character represented by universal-character-name '\u05E8' cannot be represented in the current code page (1252)
c:\users\maxim\onedrive\hw\מערכות הפעלה\hw4\group_84_ex4\server\socketserver.c(317): warning C4566: character represented by universal-character-name '\u05DB' cannot be represented in the current code page (1252)
c:\users\maxim\onedrive\hw\מערכות הפעלה\hw4\group_84_ex4\server\socketserver.c(317): warning C4566: character represented by universal-character-name '\u05D5' cannot be represented in the current code page (1252)
c:\users\maxim\onedrive\hw\מערכות הפעלה\hw4\group_84_ex4\server\socketserver.c(317): warning C4566: character represented by universal-character-name '\u05EA' cannot be represented in the current code page (1252)
c:\users\maxim\onedrive\hw\מערכות הפעלה\hw4\group_84_ex4\server\socketserver.c(317): warning C4566: character represented by universal-character-name '\u05D4' cannot be represented in the current code page (1252)
c:\users\maxim\onedrive\hw\מערכות הפעלה\hw4\group_84_ex4\server\socketserver.c(317): warning C4566: character represented by universal-character-name '\u05E4' cannot be represented in the current code page (1252)
c:\users\maxim\onedrive\hw\מערכות הפעלה\hw4\group_84_ex4\server\socketserver.c(317): warning C4566: character represented by universal-character-name '\u05DC' cannot be represented in the current code page (1252)
c:\users\maxim\onedrive\hw\מערכות הפעלה\hw4\group_84_ex4\server\socketserver.c(625): warning C4566: character represented by universal-character-name '\u05DE' cannot be represented in the current code page (1252)
c:\users\maxim\onedrive\hw\מערכות הפעלה\hw4\group_84_ex4\server\socketserver.c(625): warning C4566: character represented by universal-character-name '\u05E2' cannot be represented in the current code page (1252)
c:\users\maxim\onedrive\hw\מערכות הפעלה\hw4\group_84_ex4\server\socketserver.c(625): warning C4566: character represented by universal-character-name '\u05E8' cannot be represented in the current code page (1252)
c:\users\maxim\onedrive\hw\מערכות הפעלה\hw4\group_84_ex4\server\socketserver.c(625): warning C4566: character represented by universal-character-name '\u05DB' cannot be represented in the current code page (1252)
c:\users\maxim\onedrive\hw\מערכות הפעלה\hw4\group_84_ex4\server\socketserver.c(625): warning C4566: character represented by universal-character-name '\u05D5' cannot be represented in the current code page (1252)
c:\users\maxim\onedrive\hw\מערכות הפעלה\hw4\group_84_ex4\server\socketserver.c(625): warning C4566: character represented by universal-character-name '\u05EA' cannot be represented in the current code page (1252)
c:\users\maxim\onedrive\hw\מערכות הפעלה\hw4\group_84_ex4\server\socketserver.c(625): warning C4566: character represented by universal-character-name '\u05D4' cannot be represented in the current code page (1252)
c:\users\maxim\onedrive\hw\מערכות הפעלה\hw4\group_84_ex4\server\socketserver.c(625): warning C4566: character represented by universal-character-name '\u05E4' cannot be represented in the current code page (1252)
c:\users\maxim\onedrive\hw\מערכות הפעלה\hw4\group_84_ex4\server\socketserver.c(625): warning C4566: character represented by universal-character-name '\u05DC' cannot be represented in the current code page (1252)
c:\users\maxim\onedrive\hw\מערכות הפעלה\hw4\group_84_ex4\server\socketserver.c(630): warning C4566: character represented by universal-character-name '\u05DE' cannot be represented in the current code page (1252)
c:\users\maxim\onedrive\hw\מערכות הפעלה\hw4\group_84_ex4\server\socketserver.c(630): warning C4566: character represented by universal-character-name '\u05E2' cannot be represented in the current code page (1252)
c:\users\maxim\onedrive\hw\מערכות הפעלה\hw4\group_84_ex4\server\socketserver.c(630): warning C4566: character represented by universal-character-name '\u05E8' cannot be represented in the current code page (1252)
c:\users\maxim\onedrive\hw\מערכות הפעלה\hw4\group_84_ex4\server\socketserver.c(630): warning C4566: character represented by universal-character-name '\u05DB' cannot be represented in the current code page (1252)
c:\users\maxim\onedrive\hw\מערכות הפעלה\hw4\group_84_ex4\server\socketserver.c(630): warning C4566: character represented by universal-character-name '\u05D5' cannot be represented in the current code page (1252)
c:\users\maxim\onedrive\hw\מערכות הפעלה\hw4\group_84_ex4\server\socketserver.c(630): warning C4566: character represented by universal-character-name '\u05EA' cannot be represented in the current code page (1252)
c:\users\maxim\onedrive\hw\מערכות הפעלה\hw4\group_84_ex4\server\socketserver.c(630): warning C4566: character represented by universal-character-name '\u05D4' cannot be represented in the current code page (1252)
c:\users\maxim\onedrive\hw\מערכות הפעלה\hw4\group_84_ex4\server\socketserver.c(630): warning C4566: character represented by universal-character-name '\u05E4' cannot be represented in the current code page (1252)
c:\users\maxim\onedrive\hw\מערכות הפעלה\hw4\group_84_ex4\server\socketserver.c(630): warning C4566: character represented by universal-character-name '\u05DC' cannot be represented in the current code page (1252)
  Example01_Server.vcxproj -> C:\Users\Maxim\OneDrive\HW\מערכות הפעלה\HW4\group_84_ex4\Debug\group84_ex4_server.exe
